Traceback (most recent call last):
  File "/home/maciej/anaconda3/lib/python3.12/site-packages/jupyter_cache/executors/utils.py", line 58, in single_nb_execution
    executenb(
  File "/home/maciej/anaconda3/lib/python3.12/site-packages/nbclient/client.py", line 1305, in execute
    return NotebookClient(nb=nb, resources=resources, km=km, **kwargs).execute()
           ^^^^^^^^^^^^^^^^^^^^^^^^^^^^^^^^^^^^^^^^^^^^^^^^^^^^^^^^^^^^^^^^^^^^^
  File "/home/maciej/anaconda3/lib/python3.12/site-packages/jupyter_core/utils/__init__.py", line 165, in wrapped
    return loop.run_until_complete(inner)
           ^^^^^^^^^^^^^^^^^^^^^^^^^^^^^^
  File "/home/maciej/anaconda3/lib/python3.12/asyncio/base_events.py", line 685, in run_until_complete
    return future.result()
           ^^^^^^^^^^^^^^^
  File "/home/maciej/anaconda3/lib/python3.12/site-packages/nbclient/client.py", line 705, in async_execute
    await self.async_execute_cell(
  File "/home/maciej/anaconda3/lib/python3.12/site-packages/nbclient/client.py", line 1058, in async_execute_cell
    await self._check_raise_for_error(cell, cell_index, exec_reply)
  File "/home/maciej/anaconda3/lib/python3.12/site-packages/nbclient/client.py", line 914, in _check_raise_for_error
    raise CellExecutionError.from_cell_and_msg(cell, exec_reply_content)
nbclient.exceptions.CellExecutionError: An error occurred while executing the following cell:
------------------
import numpy as np
import matplotlib.pyplot as plt
from sklearn.datasets import load_breast_cancer
from sklearn.model_selection import cross_val_score, learning_curve, train_test_split
from sklearn.ensemble import RandomForestClassifier
from sklearn.linear_model import LogisticRegression
from sklearn.metrics import classification_report, confusion_matrix
import seaborn as sns

# ZaÅ‚adowanie danych (zwiÄ…zanych z rakiem piersi; dane te dostÄ™pne sÄ…
# w zbiorach danych w module scikit-learn)
data = load_breast_cancer()
X, y = data.data, data.target

# PodziaÅ‚ na zbiÃ³r treningowy i testowy
X_train, X_test, y_train, y_test = train_test_split(
    X, y, test_size=0.2, random_state=42, stratify=y
)

print("KsztaÅ‚t danych treningowych:", X_train.shape)
print("KsztaÅ‚t danych testowych:", X_test.shape)
print("\nRozkÅ‚ad klas w zbiorze treningowym:", np.bincount(y_train))
print("RozkÅ‚ad klas w zbiorze testowym:", np.bincount(y_test))

# Model 1: Prosty model (regresja logistyczna - moÅ¼e byÄ‡ niedouczony)
simple_model = LogisticRegression(max_iter=1000, random_state=42)

# Model 2: Model zÅ‚oÅ¼ony (las losowy - ryzyko przeuczenia)
complex_model = RandomForestClassifier(
    n_estimators=100,
    max_depth=None,  # Brak ograniczenia gÅ‚Ä™bokoÅ›ci
    min_samples_split=2,
    random_state=42
)

# Model 3: Model z regularyzacjÄ… (balans)
regularized_model = RandomForestClassifier(
    n_estimators=100,
    max_depth=10,  # Ograniczenie gÅ‚Ä™bokoÅ›ci
    min_samples_split=20,  # WiÄ™cej prÃ³bek wymaganych do podziaÅ‚u
    min_samples_leaf=10,
    random_state=42
)

# Walidacja krzyÅ¼owa dla wszystkich modeli
models = {
    'Regresja logistyczna': simple_model,
    'Las losowy (bez regularyzacji)': complex_model,
    'Las losowy (z regularyzacjÄ…)': regularized_model
}

print("\n" + "="*60)
print("WALIDACJA KRZYÅ»OWA (5-fold)")
print("="*60)

for name, model in models.items():
    scores = cross_val_score(model, X_train, y_train, cv=5, scoring='accuracy')
    print(f"\n{name}:")
    print(f"  Wyniki dla kaÅ¼dego 'foldu': {scores}")
    print(f"  Åšrednia dokÅ‚adnoÅ›Ä‡: {scores.mean():.4f} (+/- {scores.std() * 2:.4f})")

# Funkcja do rysowania krzywych uczenia
def plot_learning_curves(model, X, y, title):
    train_sizes, train_scores, val_scores = learning_curve(
        model, X, y, cv=5,
        train_sizes=np.linspace(0.1, 1.0, 10),
        scoring='accuracy',
        n_jobs=-1
    )

    train_mean = np.mean(train_scores, axis=1)
    train_std = np.std(train_scores, axis=1)
    val_mean = np.mean(val_scores, axis=1)
    val_std = np.std(val_scores, axis=1)

    plt.figure(figsize=(10, 6))
    plt.plot(train_sizes, train_mean, label='Wynik treningowy', marker='o')
    plt.fill_between(train_sizes, train_mean - train_std,
                     train_mean + train_std, alpha=0.15)

    plt.plot(train_sizes, val_mean, label='Wynik walidacyjny', marker='s')
    plt.fill_between(train_sizes, val_mean - val_std,
                     val_mean + val_std, alpha=0.15)

    plt.xlabel('Liczba prÃ³bek treningowych')
    plt.ylabel('DokÅ‚adnoÅ›Ä‡')
    plt.title(f'Krzywe uczenia: {title}')
    plt.legend(loc='best')
    plt.grid(True, alpha=0.3)
    plt.tight_layout()
    plt.show()

# Rysowanie krzywych uczenia dla modelu z regularyzacjÄ…
print("\n" + "="*60)
print("KRZYWE UCZENIA")
print("="*60)
plot_learning_curves(regularized_model, X_train, y_train,
                     'Las losowy z regularyzacjÄ…')

# Trening i ocena finalnego modelu
regularized_model.fit(X_train, y_train)
y_pred = regularized_model.predict(X_test)

print("\n" + "="*60)
print("OCENA NA ZBIORZE TESTOWYM")
print("="*60)
print("\nRaport klasyfikacji:")
print(classification_report(y_test, y_pred, target_names=data.target_names))

# Macierz bÅ‚Ä™dÃ³w
plt.figure(figsize=(8, 6))
cm = confusion_matrix(y_test, y_pred)
sns.heatmap(cm, annot=True, fmt='d', cmap='Blues',
            xticklabels=data.target_names,
            yticklabels=data.target_names)
plt.title('Macierz bÅ‚Ä™dÃ³w')
plt.ylabel('Prawdziwa klasa')
plt.xlabel('Przewidziana klasa')
plt.tight_layout()
plt.show()


print("\nWnioski:")
print("- Model z regularyzacjÄ… zapobiega przeuczeniu poprzez ograniczenie zÅ‚oÅ¼onoÅ›ci")
print("- Walidacja krzyÅ¼owa daje bardziej wiarygodnÄ… ocenÄ™ niÅ¼ pojedynczy podziaÅ‚")
print("- Krzywe uczenia pomagajÄ… zdiagnozowaÄ‡ problemy z niedouczeniem/przeuczeniem")
------------------

----- stderr -----

A module that was compiled using NumPy 1.x cannot be run in
NumPy 2.2.6 as it may crash. To support both 1.x and 2.x
versions of NumPy, modules must be compiled with NumPy 2.0.
Some module may need to rebuild instead e.g. with 'pybind11>=2.12'.

If you are a user of the module, the easiest solution will be to
downgrade to 'numpy<2' or try to upgrade the affected module.
We expect that some modules will need time to support NumPy 2.

Traceback (most recent call last):  File "<frozen runpy>", line 198, in _run_module_as_main
  File "<frozen runpy>", line 88, in _run_code
  File "/home/maciej/anaconda3/lib/python3.12/site-packages/ipykernel_launcher.py", line 17, in <module>
    app.launch_new_instance()
  File "/home/maciej/anaconda3/lib/python3.12/site-packages/traitlets/config/application.py", line 1075, in launch_instance
    app.start()
  File "/home/maciej/anaconda3/lib/python3.12/site-packages/ipykernel/kernelapp.py", line 701, in start
    self.io_loop.start()
  File "/home/maciej/anaconda3/lib/python3.12/site-packages/tornado/platform/asyncio.py", line 205, in start
    self.asyncio_loop.run_forever()
  File "/home/maciej/anaconda3/lib/python3.12/asyncio/base_events.py", line 639, in run_forever
    self._run_once()
  File "/home/maciej/anaconda3/lib/python3.12/asyncio/base_events.py", line 1985, in _run_once
    handle._run()
  File "/home/maciej/anaconda3/lib/python3.12/asyncio/events.py", line 88, in _run
    self._context.run(self._callback, *self._args)
  File "/home/maciej/anaconda3/lib/python3.12/site-packages/ipykernel/kernelbase.py", line 534, in dispatch_queue
    await self.process_one()
  File "/home/maciej/anaconda3/lib/python3.12/site-packages/ipykernel/kernelbase.py", line 523, in process_one
    await dispatch(*args)
  File "/home/maciej/anaconda3/lib/python3.12/site-packages/ipykernel/kernelbase.py", line 429, in dispatch_shell
    await result
  File "/home/maciej/anaconda3/lib/python3.12/site-packages/ipykernel/kernelbase.py", line 767, in execute_request
    reply_content = await reply_content
  File "/home/maciej/anaconda3/lib/python3.12/site-packages/ipykernel/ipkernel.py", line 429, in do_execute
    res = shell.run_cell(
  File "/home/maciej/anaconda3/lib/python3.12/site-packages/ipykernel/zmqshell.py", line 549, in run_cell
    return super().run_cell(*args, **kwargs)
  File "/home/maciej/anaconda3/lib/python3.12/site-packages/IPython/core/interactiveshell.py", line 3075, in run_cell
    result = self._run_cell(
  File "/home/maciej/anaconda3/lib/python3.12/site-packages/IPython/core/interactiveshell.py", line 3130, in _run_cell
    result = runner(coro)
  File "/home/maciej/anaconda3/lib/python3.12/site-packages/IPython/core/async_helpers.py", line 128, in _pseudo_sync_runner
    coro.send(None)
  File "/home/maciej/anaconda3/lib/python3.12/site-packages/IPython/core/interactiveshell.py", line 3334, in run_cell_async
    has_raised = await self.run_ast_nodes(code_ast.body, cell_name,
  File "/home/maciej/anaconda3/lib/python3.12/site-packages/IPython/core/interactiveshell.py", line 3517, in run_ast_nodes
    if await self.run_code(code, result, async_=asy):
  File "/home/maciej/anaconda3/lib/python3.12/site-packages/IPython/core/interactiveshell.py", line 3577, in run_code
    exec(code_obj, self.user_global_ns, self.user_ns)
  File "/tmp/ipykernel_9512/3825973002.py", line 2, in <module>
    import matplotlib.pyplot as plt
  File "/home/maciej/anaconda3/lib/python3.12/site-packages/matplotlib/__init__.py", line 159, in <module>
    from . import _api, _version, cbook, _docstring, rcsetup
  File "/home/maciej/anaconda3/lib/python3.12/site-packages/matplotlib/rcsetup.py", line 28, in <module>
    from matplotlib.colors import Colormap, is_color_like
  File "/home/maciej/anaconda3/lib/python3.12/site-packages/matplotlib/colors.py", line 57, in <module>
    from matplotlib import _api, _cm, cbook, scale
  File "/home/maciej/anaconda3/lib/python3.12/site-packages/matplotlib/scale.py", line 22, in <module>
    from matplotlib.ticker import (
  File "/home/maciej/anaconda3/lib/python3.12/site-packages/matplotlib/ticker.py", line 144, in <module>
    from matplotlib import transforms as mtransforms
  File "/home/maciej/anaconda3/lib/python3.12/site-packages/matplotlib/transforms.py", line 49, in <module>
    from matplotlib._path import (
------------------

[0;31m---------------------------------------------------------------------------[0m
[0;31mImportError[0m                               Traceback (most recent call last)
[0;31mImportError[0m: numpy.core.multiarray failed to import

The above exception was the direct cause of the following exception:

[0;31mImportError[0m                               Traceback (most recent call last)
Cell [0;32mIn[2], line 2[0m
[1;32m      1[0m [38;5;28;01mimport[39;00m [38;5;21;01mnumpy[39;00m [38;5;28;01mas[39;00m [38;5;21;01mnp[39;00m
[0;32m----> 2[0m [38;5;28;01mimport[39;00m [38;5;21;01mmatplotlib[39;00m[38;5;21;01m.[39;00m[38;5;21;01mpyplot[39;00m [38;5;28;01mas[39;00m [38;5;21;01mplt[39;00m
[1;32m      3[0m [38;5;28;01mfrom[39;00m [38;5;21;01msklearn[39;00m[38;5;21;01m.[39;00m[38;5;21;01mdatasets[39;00m [38;5;28;01mimport[39;00m load_breast_cancer
[1;32m      4[0m [38;5;28;01mfrom[39;00m [38;5;21;01msklearn[39;00m[38;5;21;01m.[39;00m[38;5;21;01mmodel_selection[39;00m [38;5;28;01mimport[39;00m cross_val_score, learning_curve, train_test_split

File [0;32m~/anaconda3/lib/python3.12/site-packages/matplotlib/__init__.py:159[0m
[1;32m    155[0m [38;5;28;01mfrom[39;00m [38;5;21;01mpackaging[39;00m[38;5;21;01m.[39;00m[38;5;21;01mversion[39;00m [38;5;28;01mimport[39;00m parse [38;5;28;01mas[39;00m parse_version
[1;32m    157[0m [38;5;66;03m# cbook must import matplotlib only within function[39;00m
[1;32m    158[0m [38;5;66;03m# definitions, so it is safe to import from it here.[39;00m
[0;32m--> 159[0m [38;5;28;01mfrom[39;00m [38;5;21;01m.[39;00m [38;5;28;01mimport[39;00m _api, _version, cbook, _docstring, rcsetup
[1;32m    160[0m [38;5;28;01mfrom[39;00m [38;5;21;01mmatplotlib[39;00m[38;5;21;01m.[39;00m[38;5;21;01mcbook[39;00m [38;5;28;01mimport[39;00m sanitize_sequence
[1;32m    161[0m [38;5;28;01mfrom[39;00m [38;5;21;01mmatplotlib[39;00m[38;5;21;01m.[39;00m[38;5;21;01m_api[39;00m [38;5;28;01mimport[39;00m MatplotlibDeprecationWarning

File [0;32m~/anaconda3/lib/python3.12/site-packages/matplotlib/rcsetup.py:28[0m
[1;32m     26[0m [38;5;28;01mfrom[39;00m [38;5;21;01mmatplotlib[39;00m[38;5;21;01m.[39;00m[38;5;21;01mbackends[39;00m [38;5;28;01mimport[39;00m BackendFilter, backend_registry
[1;32m     27[0m [38;5;28;01mfrom[39;00m [38;5;21;01mmatplotlib[39;00m[38;5;21;01m.[39;00m[38;5;21;01mcbook[39;00m [38;5;28;01mimport[39;00m ls_mapper
[0;32m---> 28[0m [38;5;28;01mfrom[39;00m [38;5;21;01mmatplotlib[39;00m[38;5;21;01m.[39;00m[38;5;21;01mcolors[39;00m [38;5;28;01mimport[39;00m Colormap, is_color_like
[1;32m     29[0m [38;5;28;01mfrom[39;00m [38;5;21;01mmatplotlib[39;00m[38;5;21;01m.[39;00m[38;5;21;01m_fontconfig_pattern[39;00m [38;5;28;01mimport[39;00m parse_fontconfig_pattern
[1;32m     30[0m [38;5;28;01mfrom[39;00m [38;5;21;01mmatplotlib[39;00m[38;5;21;01m.[39;00m[38;5;21;01m_enums[39;00m [38;5;28;01mimport[39;00m JoinStyle, CapStyle

File [0;32m~/anaconda3/lib/python3.12/site-packages/matplotlib/colors.py:57[0m
[1;32m     55[0m [38;5;28;01mimport[39;00m [38;5;21;01mmatplotlib[39;00m [38;5;28;01mas[39;00m [38;5;21;01mmpl[39;00m
[1;32m     56[0m [38;5;28;01mimport[39;00m [38;5;21;01mnumpy[39;00m [38;5;28;01mas[39;00m [38;5;21;01mnp[39;00m
[0;32m---> 57[0m [38;5;28;01mfrom[39;00m [38;5;21;01mmatplotlib[39;00m [38;5;28;01mimport[39;00m _api, _cm, cbook, scale
[1;32m     58[0m [38;5;28;01mfrom[39;00m [38;5;21;01m.[39;00m[38;5;21;01m_color_data[39;00m [38;5;28;01mimport[39;00m BASE_COLORS, TABLEAU_COLORS, CSS4_COLORS, XKCD_COLORS
[1;32m     61[0m [38;5;28;01mclass[39;00m [38;5;21;01m_ColorMapping[39;00m([38;5;28mdict[39m):

File [0;32m~/anaconda3/lib/python3.12/site-packages/matplotlib/scale.py:22[0m
[1;32m     20[0m [38;5;28;01mimport[39;00m [38;5;21;01mmatplotlib[39;00m [38;5;28;01mas[39;00m [38;5;21;01mmpl[39;00m
[1;32m     21[0m [38;5;28;01mfrom[39;00m [38;5;21;01mmatplotlib[39;00m [38;5;28;01mimport[39;00m _api, _docstring
[0;32m---> 22[0m [38;5;28;01mfrom[39;00m [38;5;21;01mmatplotlib[39;00m[38;5;21;01m.[39;00m[38;5;21;01mticker[39;00m [38;5;28;01mimport[39;00m (
[1;32m     23[0m     NullFormatter, ScalarFormatter, LogFormatterSciNotation, LogitFormatter,
[1;32m     24[0m     NullLocator, LogLocator, AutoLocator, AutoMinorLocator,
[1;32m     25[0m     SymmetricalLogLocator, AsinhLocator, LogitLocator)
[1;32m     26[0m [38;5;28;01mfrom[39;00m [38;5;21;01mmatplotlib[39;00m[38;5;21;01m.[39;00m[38;5;21;01mtransforms[39;00m [38;5;28;01mimport[39;00m Transform, IdentityTransform
[1;32m     29[0m [38;5;28;01mclass[39;00m [38;5;21;01mScaleBase[39;00m:

File [0;32m~/anaconda3/lib/python3.12/site-packages/matplotlib/ticker.py:144[0m
[1;32m    142[0m [38;5;28;01mimport[39;00m [38;5;21;01mmatplotlib[39;00m [38;5;28;01mas[39;00m [38;5;21;01mmpl[39;00m
[1;32m    143[0m [38;5;28;01mfrom[39;00m [38;5;21;01mmatplotlib[39;00m [38;5;28;01mimport[39;00m _api, cbook
[0;32m--> 144[0m [38;5;28;01mfrom[39;00m [38;5;21;01mmatplotlib[39;00m [38;5;28;01mimport[39;00m transforms [38;5;28;01mas[39;00m mtransforms
[1;32m    146[0m _log [38;5;241m=[39m logging[38;5;241m.[39mgetLogger([38;5;18m__name__[39m)
[1;32m    148[0m __all__ [38;5;241m=[39m ([38;5;124m'[39m[38;5;124mTickHelper[39m[38;5;124m'[39m, [38;5;124m'[39m[38;5;124mFormatter[39m[38;5;124m'[39m, [38;5;124m'[39m[38;5;124mFixedFormatter[39m[38;5;124m'[39m,
[1;32m    149[0m            [38;5;124m'[39m[38;5;124mNullFormatter[39m[38;5;124m'[39m, [38;5;124m'[39m[38;5;124mFuncFormatter[39m[38;5;124m'[39m, [38;5;124m'[39m[38;5;124mFormatStrFormatter[39m[38;5;124m'[39m,
[1;32m    150[0m            [38;5;124m'[39m[38;5;124mStrMethodFormatter[39m[38;5;124m'[39m, [38;5;124m'[39m[38;5;124mScalarFormatter[39m[38;5;124m'[39m, [38;5;124m'[39m[38;5;124mLogFormatter[39m[38;5;124m'[39m,
[0;32m   (...)[0m
[1;32m    156[0m            [38;5;124m'[39m[38;5;124mMultipleLocator[39m[38;5;124m'[39m, [38;5;124m'[39m[38;5;124mMaxNLocator[39m[38;5;124m'[39m, [38;5;124m'[39m[38;5;124mAutoMinorLocator[39m[38;5;124m'[39m,
[1;32m    157[0m            [38;5;124m'[39m[38;5;124mSymmetricalLogLocator[39m[38;5;124m'[39m, [38;5;124m'[39m[38;5;124mAsinhLocator[39m[38;5;124m'[39m, [38;5;124m'[39m[38;5;124mLogitLocator[39m[38;5;124m'[39m)

File [0;32m~/anaconda3/lib/python3.12/site-packages/matplotlib/transforms.py:49[0m
[1;32m     46[0m [38;5;28;01mfrom[39;00m [38;5;21;01mnumpy[39;00m[38;5;21;01m.[39;00m[38;5;21;01mlinalg[39;00m [38;5;28;01mimport[39;00m inv
[1;32m     48[0m [38;5;28;01mfrom[39;00m [38;5;21;01mmatplotlib[39;00m [38;5;28;01mimport[39;00m _api
[0;32m---> 49[0m [38;5;28;01mfrom[39;00m [38;5;21;01mmatplotlib[39;00m[38;5;21;01m.[39;00m[38;5;21;01m_path[39;00m [38;5;28;01mimport[39;00m (
[1;32m     50[0m     affine_transform, count_bboxes_overlapping_bbox, update_path_extents)
[1;32m     51[0m [38;5;28;01mfrom[39;00m [38;5;21;01m.[39;00m[38;5;21;01mpath[39;00m [38;5;28;01mimport[39;00m Path
[1;32m     53[0m DEBUG [38;5;241m=[39m [38;5;28;01mFalse[39;00m

[0;31mImportError[0m: initialization failed

